<?xml version="1.0" encoding="UTF-8"?>
<!-- Generated by org.testng.reporters.JUnitReportReporter -->
<testsuite name="com.ja.test.AccountLoginTest" tests="4" time="57.341" ignored="0" failures="0" timestamp="17 Dec 2018 20:56:27 GMT" skipped="0" hostname="NDI-LAP-790" errors="0">
  <testcase name="verifyloginWithInValidCredentials" time="11.928" classname="com.ja.test.AccountLoginTest"/>
  <testcase name="verifyloginWithInValidCredentials" time="11.985" classname="com.ja.test.AccountLoginTest"/>
  <testcase name="verifyloginWithInValidCredentials" time="10.439" classname="com.ja.test.AccountLoginTest"/>
  <testcase name="verifyloginWithValidCredentials" time="22.989" classname="com.ja.test.AccountLoginTest"/>
</testsuite> <!-- com.ja.test.AccountLoginTest -->
