<?xml version="1.0" encoding="UTF-8"?>
<!-- Generated by org.testng.reporters.JUnitReportReporter -->
<testsuite name="Test.APITest" tests="12" time="424.936" ignored="0" failures="0" timestamp="10 May 2018 05:59:11 GMT" skipped="0" hostname="NDI-LAP-790" errors="0">
  <testcase name="dbQuery" time="0.051" classname="Test.APITest"/>
  <testcase name="verifyCarryForward" time="123.034" classname="Test.APITest"/>
  <testcase name="runApiUerEnv" time="0.289" classname="Test.APITest"/>
  <testcase name="runApiSessionUpdate" time="0.847" classname="Test.APITest"/>
  <testcase name="verifyStartDateInDB" time="0.030" classname="Test.APITest"/>
  <testcase name="requestApprovalpage" time="35.775" classname="Test.APITest"/>
  <testcase name="courseRequestAPI" time="0.836" classname="Test.APITest"/>
  <testcase name="openURL" time="14.053" classname="Test.APITest"/>
  <testcase name="verifySessionStartUnStart" time="74.972" classname="Test.APITest"/>
  <testcase name="verifyAddEnv" time="38.524" classname="Test.APITest"/>
  <testcase name="verifyCompleteDate" time="115.262" classname="Test.APITest"/>
  <testcase name="verifyUpdateEnv" time="21.263" classname="Test.APITest"/>
</testsuite> <!-- Test.APITest -->
