<?xml version="1.0" encoding="UTF-8"?>
<!-- Generated by org.testng.reporters.JUnitReportReporter -->
<testsuite name="Test.Khushboo" tests="6" time="0.016" ignored="0" failures="0" timestamp="02 Nov 2018 19:22:51 GMT" skipped="0" hostname="NDI-LAP-790" errors="0">
  <testcase name="method2" time="0.009" classname="Test.Khushboo"/>
  <testcase name="method3" time="0.002" classname="Test.Khushboo"/>
  <testcase name="method33" time="0.001" classname="Test.Khushboo"/>
  <testcase name="method44" time="0.001" classname="Test.Khushboo"/>
  <testcase name="method1" time="0.002" classname="Test.Khushboo"/>
  <testcase name="method22" time="0.001" classname="Test.Khushboo"/>
</testsuite> <!-- Test.Khushboo -->
