<?xml version="1.0" encoding="UTF-8"?>
<!-- Generated by org.testng.reporters.JUnitReportReporter -->
<testsuite name="Test.APITest2" tests="1" time="1.242" ignored="0" failures="0" timestamp="02 Nov 2018 07:47:01 GMT" skipped="0" hostname="NDI-LAP-790" errors="0">
  <testcase name="courseRequestAPI" time="1.242" classname="Test.APITest2"/>
</testsuite> <!-- Test.APITest2 -->
