<?xml version="1.0" encoding="UTF-8"?>
<!-- Generated by org.testng.reporters.JUnitReportReporter -->
<testsuite name="KhushbooClass" tests="1" time="0.016" ignored="0" failures="0" timestamp="24 Oct 2017 04:36:11 GMT" skipped="0" hostname="NDI-LAP-369" errors="0">
  <testcase name="test1" time="0.016" classname="KhushbooClass"/>
</testsuite> <!-- KhushbooClass -->
