<?xml version="1.0" encoding="UTF-8"?>
<!-- Generated by org.testng.reporters.JUnitReportReporter -->
<testsuite name="com.ja.test.ApproveRequestTest" tests="7" time="35.913" ignored="0" failures="0" timestamp="17 Dec 2018 20:56:27 GMT" skipped="0" hostname="NDI-LAP-790" errors="0">
  <testcase name="verifyRequestFieldsTitle" time="2.089" classname="com.ja.test.ApproveRequestTest"/>
  <testcase name="verifyTotalNumberOfCourseRequest" time="2.151" classname="com.ja.test.ApproveRequestTest"/>
  <testcase name="verifyTableHeader" time="2.295" classname="com.ja.test.ApproveRequestTest"/>
  <testcase name="verifyTableData" time="4.655" classname="com.ja.test.ApproveRequestTest"/>
  <testcase name="verifyRequestHeaderInApproveRequest" time="3.098" classname="com.ja.test.ApproveRequestTest"/>
  <testcase name="verifyCourseRequestApproved" time="10.670" classname="com.ja.test.ApproveRequestTest"/>
  <testcase name="verifyPostAPIAndLogin" time="10.955" classname="com.ja.test.ApproveRequestTest"/>
</testsuite> <!-- com.ja.test.ApproveRequestTest -->
